TN:
SF:src/core/value-objects.ts
FN:13,(anonymous_0)
FN:21,(anonymous_1)
FN:33,(anonymous_2)
FN:41,(anonymous_3)
FN:45,(anonymous_4)
FN:62,(anonymous_5)
FN:70,(anonymous_6)
FN:75,(anonymous_7)
FN:81,(anonymous_8)
FN:89,(anonymous_9)
FN:93,(anonymous_10)
FN:97,(anonymous_11)
FN:101,(anonymous_12)
FN:105,(anonymous_13)
FN:115,(anonymous_14)
FN:123,(anonymous_15)
FN:130,(anonymous_16)
FN:137,(anonymous_17)
FN:144,(anonymous_18)
FN:148,(anonymous_19)
FN:160,(anonymous_20)
FN:164,(anonymous_21)
FN:174,(anonymous_22)
FN:181,(anonymous_23)
FN:187,(anonymous_24)
FN:191,(anonymous_25)
FN:195,(anonymous_26)
FN:208,(anonymous_27)
FN:217,(anonymous_28)
FN:227,(anonymous_29)
FN:231,(anonymous_30)
FN:235,(anonymous_31)
FNF:32
FNH:21
FNDA:7,(anonymous_0)
FNDA:7,(anonymous_1)
FNDA:2,(anonymous_2)
FNDA:0,(anonymous_3)
FNDA:1,(anonymous_4)
FNDA:5,(anonymous_5)
FNDA:5,(anonymous_6)
FNDA:0,(anonymous_7)
FNDA:0,(anonymous_8)
FNDA:0,(anonymous_9)
FNDA:1,(anonymous_10)
FNDA:0,(anonymous_11)
FNDA:0,(anonymous_12)
FNDA:1,(anonymous_13)
FNDA:8,(anonymous_14)
FNDA:8,(anonymous_15)
FNDA:0,(anonymous_16)
FNDA:0,(anonymous_17)
FNDA:0,(anonymous_18)
FNDA:2,(anonymous_19)
FNDA:1,(anonymous_20)
FNDA:3,(anonymous_21)
FNDA:14,(anonymous_22)
FNDA:14,(anonymous_23)
FNDA:1,(anonymous_24)
FNDA:0,(anonymous_25)
FNDA:2,(anonymous_26)
FNDA:8,(anonymous_27)
FNDA:8,(anonymous_28)
FNDA:2,(anonymous_29)
FNDA:0,(anonymous_30)
FNDA:1,(anonymous_31)
DA:12,1
DA:14,7
DA:15,7
DA:16,7
DA:18,7
DA:22,7
DA:23,1
DA:25,6
DA:26,0
DA:28,6
DA:29,0
DA:34,2
DA:42,0
DA:46,1
DA:47,1
DA:49,1
DA:61,1
DA:63,5
DA:64,5
DA:65,5
DA:67,5
DA:71,5
DA:72,2
DA:75,3
DA:76,3
DA:77,0
DA:82,0
DA:90,0
DA:94,1
DA:98,0
DA:102,0
DA:106,1
DA:114,1
DA:116,8
DA:117,8
DA:118,8
DA:120,8
DA:124,8
DA:125,1
DA:129,7
DA:130,0
DA:131,0
DA:132,0
DA:138,0
DA:145,0
DA:149,2
DA:150,1
DA:153,1
DA:161,1
DA:165,3
DA:173,1
DA:175,14
DA:176,14
DA:178,14
DA:182,14
DA:183,1
DA:188,1
DA:192,0
DA:196,2
DA:197,2
DA:199,2
DA:207,1
DA:209,8
DA:210,8
DA:211,8
DA:213,8
DA:214,8
DA:218,8
DA:219,8
DA:220,1
DA:222,7
DA:223,1
DA:228,2
DA:232,0
DA:236,1
DA:241,1
DA:243,1
LF:77
LH:62
BRDA:22,0,0,1
BRDA:22,0,1,6
BRDA:22,1,0,7
BRDA:22,1,1,7
BRDA:25,2,0,0
BRDA:25,2,1,6
BRDA:25,3,0,6
BRDA:25,3,1,6
BRDA:28,4,0,0
BRDA:28,4,1,6
BRDA:28,5,0,6
BRDA:28,5,1,6
BRDA:35,6,0,2
BRDA:35,6,1,1
BRDA:35,6,2,1
BRDA:71,7,0,2
BRDA:71,7,1,3
BRDA:71,8,0,5
BRDA:71,8,1,4
BRDA:76,9,0,0
BRDA:76,9,1,3
BRDA:83,10,0,0
BRDA:83,10,1,0
BRDA:83,10,2,0
BRDA:93,11,0,0
BRDA:97,12,0,0
BRDA:101,13,0,0
BRDA:105,14,0,0
BRDA:118,15,0,5
BRDA:124,16,0,1
BRDA:124,16,1,7
BRDA:129,17,0,0
BRDA:129,17,1,7
BRDA:129,18,0,7
BRDA:129,18,1,7
BRDA:131,19,0,0
BRDA:131,19,1,0
BRDA:139,20,0,0
BRDA:139,20,1,0
BRDA:149,21,0,1
BRDA:149,21,1,1
BRDA:160,22,0,0
BRDA:176,23,0,6
BRDA:182,24,0,1
BRDA:182,24,1,13
BRDA:182,25,0,14
BRDA:182,25,1,13
BRDA:195,26,0,0
BRDA:211,27,0,8
BRDA:219,28,0,1
BRDA:219,28,1,7
BRDA:222,29,0,1
BRDA:222,29,1,6
BRDA:222,30,0,7
BRDA:222,30,1,6
BRDA:228,31,0,2
BRDA:228,31,1,2
BRF:57
BRH:40
end_of_record
