TN:
SF:src/core/domain.ts
FN:11,generateUUID
FN:23,(anonymous_1)
FN:33,(anonymous_2)
FN:39,(anonymous_3)
FN:43,(anonymous_4)
FN:47,(anonymous_5)
FN:56,(anonymous_6)
FN:62,(anonymous_7)
FN:66,(anonymous_8)
FN:70,(anonymous_9)
FN:74,(anonymous_10)
FN:78,(anonymous_11)
FN:82,(anonymous_12)
FN:86,(anonymous_13)
FN:90,(anonymous_14)
FN:104,(anonymous_15)
FN:111,(anonymous_16)
FN:115,(anonymous_17)
FN:119,(anonymous_18)
FN:126,(anonymous_19)
FN:130,(anonymous_20)
FN:141,(anonymous_21)
FN:148,(anonymous_22)
FN:152,(anonymous_23)
FN:156,(anonymous_24)
FN:167,(anonymous_25)
FN:176,(anonymous_26)
FN:181,(anonymous_27)
FN:185,(anonymous_28)
FN:220,(anonymous_29)
FN:235,(anonymous_30)
FN:244,(anonymous_31)
FN:252,(anonymous_32)
FN:260,(anonymous_33)
FN:268,(anonymous_34)
FN:276,(anonymous_35)
FN:281,(anonymous_36)
FN:286,(anonymous_37)
FN:291,(anonymous_38)
FN:304,(anonymous_39)
FN:350,(anonymous_40)
FN:362,(anonymous_41)
FN:371,(anonymous_42)
FN:377,(anonymous_43)
FN:389,(anonymous_44)
FN:426,(anonymous_45)
FN:440,(anonymous_46)
FN:449,(anonymous_47)
FN:471,(anonymous_48)
FN:475,(anonymous_49)
FN:523,(anonymous_50)
FN:536,(anonymous_51)
FN:545,(anonymous_52)
FN:552,(anonymous_53)
FN:555,(anonymous_54)
FN:569,(anonymous_55)
FN:571,(anonymous_56)
FN:572,(anonymous_57)
FN:575,(anonymous_58)
FN:598,(anonymous_59)
FN:602,(anonymous_60)
FN:606,(anonymous_61)
FN:613,(anonymous_62)
FN:634,(anonymous_63)
FN:642,(anonymous_64)
FNF:65
FNH:50
FNDA:34,generateUUID
FNDA:544,(anonymous_1)
FNDA:0,(anonymous_2)
FNDA:0,(anonymous_3)
FNDA:0,(anonymous_4)
FNDA:0,(anonymous_5)
FNDA:8,(anonymous_6)
FNDA:3,(anonymous_7)
FNDA:2,(anonymous_8)
FNDA:2,(anonymous_9)
FNDA:1,(anonymous_10)
FNDA:1,(anonymous_11)
FNDA:3,(anonymous_12)
FNDA:0,(anonymous_13)
FNDA:0,(anonymous_14)
FNDA:12,(anonymous_15)
FNDA:3,(anonymous_16)
FNDA:5,(anonymous_17)
FNDA:4,(anonymous_18)
FNDA:0,(anonymous_19)
FNDA:0,(anonymous_20)
FNDA:34,(anonymous_21)
FNDA:15,(anonymous_22)
FNDA:0,(anonymous_23)
FNDA:2,(anonymous_24)
FNDA:19,(anonymous_25)
FNDA:19,(anonymous_26)
FNDA:0,(anonymous_27)
FNDA:0,(anonymous_28)
FNDA:8,(anonymous_29)
FNDA:8,(anonymous_30)
FNDA:1,(anonymous_31)
FNDA:2,(anonymous_32)
FNDA:1,(anonymous_33)
FNDA:1,(anonymous_34)
FNDA:1,(anonymous_35)
FNDA:1,(anonymous_36)
FNDA:2,(anonymous_37)
FNDA:0,(anonymous_38)
FNDA:7,(anonymous_39)
FNDA:3,(anonymous_40)
FNDA:3,(anonymous_41)
FNDA:3,(anonymous_42)
FNDA:2,(anonymous_43)
FNDA:0,(anonymous_44)
FNDA:5,(anonymous_45)
FNDA:5,(anonymous_46)
FNDA:5,(anonymous_47)
FNDA:2,(anonymous_48)
FNDA:0,(anonymous_49)
FNDA:4,(anonymous_50)
FNDA:4,(anonymous_51)
FNDA:4,(anonymous_52)
FNDA:4,(anonymous_53)
FNDA:4,(anonymous_54)
FNDA:1,(anonymous_55)
FNDA:1,(anonymous_56)
FNDA:2,(anonymous_57)
FNDA:0,(anonymous_58)
FNDA:5,(anonymous_59)
FNDA:2,(anonymous_60)
FNDA:2,(anonymous_61)
FNDA:1,(anonymous_62)
FNDA:3,(anonymous_63)
FNDA:3,(anonymous_64)
DA:1,1
DA:12,34
DA:13,34
DA:14,544
DA:18,34
DA:20,34
DA:22,34
DA:23,544
DA:26,34
DA:32,1
DA:33,0
DA:34,0
DA:35,0
DA:40,0
DA:44,0
DA:48,0
DA:55,1
DA:56,8
DA:57,8
DA:58,0
DA:63,3
DA:67,2
DA:71,2
DA:75,1
DA:79,1
DA:83,3
DA:87,0
DA:91,0
DA:98,1
DA:99,1
DA:105,12
DA:106,12
DA:108,12
DA:112,3
DA:116,5
DA:120,4
DA:121,0
DA:123,4
DA:127,0
DA:131,0
DA:138,1
DA:141,34
DA:142,34
DA:143,0
DA:145,34
DA:149,15
DA:153,0
DA:157,2
DA:164,1
DA:165,1
DA:168,19
DA:169,19
DA:170,0
DA:177,19
DA:178,19
DA:182,0
DA:186,0
DA:217,1
DA:221,8
DA:222,8
DA:223,8
DA:224,8
DA:225,8
DA:226,8
DA:227,8
DA:228,8
DA:231,8
DA:232,8
DA:236,8
DA:237,1
DA:239,7
DA:240,1
DA:245,1
DA:246,0
DA:248,1
DA:249,1
DA:253,2
DA:254,1
DA:256,1
DA:257,1
DA:261,1
DA:262,0
DA:264,1
DA:265,1
DA:269,1
DA:270,0
DA:272,1
DA:273,1
DA:277,1
DA:278,1
DA:282,1
DA:283,1
DA:287,2
DA:288,2
DA:292,0
DA:309,7
DA:349,1
DA:351,3
DA:352,3
DA:353,3
DA:354,3
DA:355,3
DA:356,3
DA:357,3
DA:359,3
DA:363,3
DA:364,1
DA:366,2
DA:367,1
DA:377,3
DA:378,3
DA:390,0
DA:425,1
DA:427,5
DA:428,5
DA:429,5
DA:430,5
DA:431,5
DA:432,5
DA:433,5
DA:434,5
DA:435,5
DA:437,5
DA:441,5
DA:442,1
DA:444,4
DA:445,1
DA:458,5
DA:472,2
DA:476,0
DA:522,1
DA:524,4
DA:525,4
DA:526,4
DA:527,4
DA:528,4
DA:529,4
DA:530,4
DA:531,4
DA:533,4
DA:537,4
DA:538,1
DA:540,3
DA:541,0
DA:551,4
DA:552,4
DA:555,4
DA:557,4
DA:570,1
DA:571,1
DA:572,2
DA:576,0
DA:597,1
DA:599,5
DA:603,2
DA:607,2
DA:608,1
DA:610,1
DA:614,1
DA:615,1
DA:617,0
DA:633,1
DA:635,3
DA:636,3
DA:637,3
DA:638,3
DA:639,3
DA:647,3
DA:658,1
DA:668,1
DA:673,1
DA:678,1
LF:172
LH:146
BRDA:34,0,0,0
BRDA:34,1,0,0
BRDA:34,1,1,0
BRDA:57,2,0,0
BRDA:57,3,0,8
BRDA:57,3,1,8
BRDA:87,4,0,0
BRDA:87,4,1,0
BRDA:106,5,0,0
BRDA:111,6,0,3
BRDA:115,7,0,5
BRDA:120,8,0,0
BRDA:142,9,0,0
BRDA:142,10,0,34
BRDA:142,10,1,34
BRDA:169,11,0,0
BRDA:228,12,0,8
BRDA:229,13,0,8
BRDA:236,14,0,1
BRDA:236,15,0,8
BRDA:236,15,1,7
BRDA:239,16,0,1
BRDA:239,17,0,7
BRDA:239,17,1,7
BRDA:245,18,0,0
BRDA:253,19,0,1
BRDA:261,20,0,0
BRDA:269,21,0,0
BRDA:363,22,0,1
BRDA:366,23,0,1
BRDA:441,24,0,1
BRDA:441,25,0,5
BRDA:441,25,1,4
BRDA:444,26,0,1
BRDA:444,27,0,4
BRDA:444,27,1,3
BRDA:455,28,0,4
BRDA:456,29,0,4
BRDA:537,30,0,1
BRDA:540,31,0,0
BRDA:549,32,0,3
BRDA:607,33,0,1
BRDA:614,34,0,1
BRDA:639,35,0,0
BRF:44
BRH:29
end_of_record
TN:
SF:src/core/value-objects.ts
FN:13,(anonymous_0)
FN:21,(anonymous_1)
FN:33,(anonymous_2)
FN:41,(anonymous_3)
FN:45,(anonymous_4)
FN:62,(anonymous_5)
FN:70,(anonymous_6)
FN:75,(anonymous_7)
FN:81,(anonymous_8)
FN:89,(anonymous_9)
FN:93,(anonymous_10)
FN:97,(anonymous_11)
FN:101,(anonymous_12)
FN:105,(anonymous_13)
FN:115,(anonymous_14)
FN:123,(anonymous_15)
FN:130,(anonymous_16)
FN:137,(anonymous_17)
FN:144,(anonymous_18)
FN:148,(anonymous_19)
FN:160,(anonymous_20)
FN:164,(anonymous_21)
FN:174,(anonymous_22)
FN:181,(anonymous_23)
FN:187,(anonymous_24)
FN:191,(anonymous_25)
FN:195,(anonymous_26)
FN:208,(anonymous_27)
FN:217,(anonymous_28)
FN:227,(anonymous_29)
FN:231,(anonymous_30)
FN:235,(anonymous_31)
FNF:32
FNH:21
FNDA:7,(anonymous_0)
FNDA:7,(anonymous_1)
FNDA:2,(anonymous_2)
FNDA:0,(anonymous_3)
FNDA:1,(anonymous_4)
FNDA:5,(anonymous_5)
FNDA:5,(anonymous_6)
FNDA:0,(anonymous_7)
FNDA:0,(anonymous_8)
FNDA:0,(anonymous_9)
FNDA:1,(anonymous_10)
FNDA:0,(anonymous_11)
FNDA:0,(anonymous_12)
FNDA:1,(anonymous_13)
FNDA:8,(anonymous_14)
FNDA:8,(anonymous_15)
FNDA:0,(anonymous_16)
FNDA:0,(anonymous_17)
FNDA:0,(anonymous_18)
FNDA:2,(anonymous_19)
FNDA:1,(anonymous_20)
FNDA:3,(anonymous_21)
FNDA:14,(anonymous_22)
FNDA:14,(anonymous_23)
FNDA:1,(anonymous_24)
FNDA:0,(anonymous_25)
FNDA:2,(anonymous_26)
FNDA:8,(anonymous_27)
FNDA:8,(anonymous_28)
FNDA:2,(anonymous_29)
FNDA:0,(anonymous_30)
FNDA:1,(anonymous_31)
DA:12,1
DA:14,7
DA:15,7
DA:16,7
DA:18,7
DA:22,7
DA:23,1
DA:25,6
DA:26,0
DA:28,6
DA:29,0
DA:34,2
DA:42,0
DA:46,1
DA:47,1
DA:49,1
DA:61,1
DA:63,5
DA:64,5
DA:65,5
DA:67,5
DA:71,5
DA:72,2
DA:75,3
DA:76,3
DA:77,0
DA:82,0
DA:90,0
DA:94,1
DA:98,0
DA:102,0
DA:106,1
DA:114,1
DA:116,8
DA:117,8
DA:118,8
DA:120,8
DA:124,8
DA:125,1
DA:129,7
DA:130,0
DA:131,0
DA:132,0
DA:138,0
DA:145,0
DA:149,2
DA:150,1
DA:153,1
DA:161,1
DA:165,3
DA:173,1
DA:175,14
DA:176,14
DA:178,14
DA:182,14
DA:183,1
DA:188,1
DA:192,0
DA:196,2
DA:197,2
DA:199,2
DA:207,1
DA:209,8
DA:210,8
DA:211,8
DA:213,8
DA:214,8
DA:218,8
DA:219,8
DA:220,1
DA:222,7
DA:223,1
DA:228,2
DA:232,0
DA:236,1
DA:241,1
DA:243,1
LF:77
LH:62
BRDA:22,0,0,1
BRDA:22,1,0,7
BRDA:22,1,1,7
BRDA:25,2,0,0
BRDA:25,3,0,6
BRDA:25,3,1,6
BRDA:28,4,0,0
BRDA:28,5,0,6
BRDA:28,5,1,6
BRDA:35,6,0,2
BRDA:35,6,1,1
BRDA:35,6,2,1
BRDA:71,7,0,2
BRDA:71,8,0,5
BRDA:71,8,1,4
BRDA:76,9,0,0
BRDA:83,10,0,0
BRDA:83,10,1,0
BRDA:83,10,2,0
BRDA:93,11,0,0
BRDA:97,12,0,0
BRDA:101,13,0,0
BRDA:105,14,0,0
BRDA:118,15,0,5
BRDA:124,16,0,1
BRDA:129,17,0,0
BRDA:129,18,0,7
BRDA:129,18,1,7
BRDA:131,19,0,0
BRDA:139,20,0,0
BRDA:139,20,1,0
BRDA:149,21,0,1
BRDA:160,22,0,0
BRDA:176,23,0,6
BRDA:182,24,0,1
BRDA:182,25,0,14
BRDA:182,25,1,13
BRDA:195,26,0,0
BRDA:211,27,0,8
BRDA:219,28,0,1
BRDA:222,29,0,1
BRDA:222,30,0,7
BRDA:222,30,1,6
BRDA:228,31,0,2
BRDA:228,31,1,2
BRF:45
BRH:29
end_of_record
